<?xml version="1.0" encoding="UTF-8"?>
<!-- Generated by org.testng.reporters.JUnitReportReporter -->
<testsuite hostname="DESKTOP-F7SHF1O" failures="0" tests="1" name="com.orange.tests.AdminTest" time="14.289" errors="0" timestamp="26 Jan 2023 16:00:38 GMT" skipped="0">
  <testcase classname="com.orange.tests.AdminTest" name="provideRights" time="14.289"/>
</testsuite> <!-- com.orange.tests.AdminTest -->
