<?xml version="1.0" encoding="UTF-8"?>
<!-- Generated by org.testng.reporters.JUnitReportReporter -->
<testsuite hostname="DESKTOP-F7SHF1O" failures="0" tests="1" name="com.orange.tests.AdminTest" time="64.161" errors="0" timestamp="04 Feb 2023 05:04:22 GMT" skipped="0">
  <testcase classname="com.orange.tests.AdminTest" name="provideRights" time="64.161"/>
</testsuite> <!-- com.orange.tests.AdminTest -->
