<?xml version="1.0" encoding="UTF-8"?>
<!-- Generated by org.testng.reporters.JUnitReportReporter -->
<testsuite hostname="DESKTOP-F7SHF1O" failures="0" tests="1" name="com.orange.tests.AdminTest" time="17.961" errors="0" timestamp="03 Feb 2023 15:52:30 GMT" skipped="0">
  <testcase classname="com.orange.tests.AdminTest" name="provideRights" time="17.961"/>
</testsuite> <!-- com.orange.tests.AdminTest -->
