<?xml version="1.0" encoding="UTF-8"?>
<!-- Generated by org.testng.reporters.JUnitReportReporter -->
<testsuite skipped="0" hostname="DESKTOP-F7SHF1O" name="com.orange.tests.AdminTest" tests="1" failures="0" timestamp="31 Jan 2023 16:29:45 GMT" time="21.028" errors="0">
  <testcase name="provideRights" time="21.028" classname="com.orange.tests.AdminTest"/>
</testsuite> <!-- com.orange.tests.AdminTest -->
